Get compiler version using: mpif77 --version
/n/sw/fasrcsw/apps/Comp/intel/13.0.079-fasrc01/openmpi/1.8.1-fasrc05/bin/mpif77
ifort (IFORT) 13.0.0 20120731
Copyright (C) 1985-2012 Intel Corporation.  All rights reserved.

<-- compiler version ----

running: look_for_makedepend()
 --> set MAKEDEPEND=$(TOOLSDIR)/xmakedepend

running: check_HAVE_CLOC()
 running: get_fortran_c_namemangling()
 mpicc -O0 -ip -fPIC -c genmake_test.c
 mpif77 -W0 -auto -convert big_endian -assume byterecl -noalign -mcmodel=medium -fp-model source -traceback -c genmake_tcomp.f
 --> set FC_NAMEMANGLE='#define FC_NAMEMANGLE(X)  X ## _'
mpicc -O0 -ip -fPIC -c genmake_tc_1.c
mpif77 -W0 -auto -convert big_endian -assume byterecl -noalign -mcmodel=medium -fp-model source -traceback -o genmake_tc genmake_tc_2.f genmake_tc_1.o
  HELLO WORLD   1520427453.70323     
 --> set HAVE_CLOC='t'

running: check_HAVE_SETRLSTK()
mpicc -O0 -ip -fPIC -c genmake_tc_1.c
      program hello
      external setrlstk
      call setrlstk()
      end
mpif77 -W0 -auto -convert big_endian -assume byterecl -noalign -mcmodel=medium -fp-model source -traceback -o genmake_tc genmake_tc_2.f genmake_tc_1.o
 --> set HAVE_SETRLSTK='t'

running: check_HAVE_SIGREG()
mpicc -O0 -ip -fPIC -c genmake_tc_1.c
      program hello
      integer anint
      common /iv/ anint
      external sigreg
      call sigreg(anint)
      end
mpif77 -W0 -auto -convert big_endian -assume byterecl -noalign -mcmodel=medium -fp-model source -traceback -o genmake_tc genmake_tc_2.f genmake_tc_1.o
 --> set HAVE_SIGREG='t'

running: check_HAVE_STAT()
mpicc -O0 -ip -fPIC -c genmake_tc_1.c
      program hello
      integer nbyte
      call tfsize(nbyte)
      print *," HELLO WORLD", nbyte
      end
mpif77 -W0 -auto -convert big_endian -assume byterecl -noalign -mcmodel=medium -fp-model source -traceback -o genmake_tc genmake_tc_2.f genmake_tc_1.o
 --> set HAVE_STAT='t'

running: check_netcdf_libs()
===  genmake_tnc.F  >>>
      program fgennc
#include "netcdf.inc"
      integer iret, ncid, xid
      iret = nf_create('genmake_tnc.nc', NF_CLOBBER, ncid)
      IF (iret .NE. NF_NOERR) write(*,*) NF_STRERROR(iret)
      iret = nf_def_dim(ncid, 'X', 11, xid)
      IF (iret .NE. NF_NOERR) write(*,*) NF_STRERROR(iret)
      iret = nf_close(ncid)
      IF (iret .NE. NF_NOERR) write(*,*) NF_STRERROR(iret)
      end
<<<  genmake_tnc.F  ===
cat genmake_tnc.F |  cpp -traditional -P -DWORDLENGTH=4 -DALLOW_USE_MPI -DHAVE_SYSTEM -DHAVE_FDATE -DHAVE_ETIME -DHAVE_CLOC -DHAVE_SETRLSTK -DHAVE_SIGREG -DHAVE_STAT -I/n/sw/fasrcsw/apps/MPI/intel/13.0.079-fasrc01/openmpi/1.8.1-fasrc05/netcdf/4.1.3-fasrc06/include -I/n/sw/fasrcsw/apps/Comp/intel/13.0.079-fasrc01/openmpi/1.8.1-fasrc05/include
mpif77  -W0 -auto -convert big_endian -assume byterecl -noalign -mcmodel=medium -fp-model source -traceback -O2 -c genmake_tnc.f  \ 
  &&  mpif77  -W0 -auto -convert big_endian -assume byterecl -noalign -mcmodel=medium -fp-model source -traceback -O2 -o genmake_tnc.o -L/n/sw/fasrcsw/apps/MPI/intel/13.0.079-fasrc01/openmpi/1.8.1-fasrc05/netcdf/4.1.3-fasrc06/lib
genmake_tnc.o: In function `MAIN__':
genmake_tnc.f:(.text+0x53): undefined reference to `nf_create_'
genmake_tnc.f:(.text+0x87): undefined reference to `nf_def_dim_'
genmake_tnc.f:(.text+0x99): undefined reference to `nf_close_'
genmake_tnc.f:(.text+0xc5): undefined reference to `nf_strerror_'
genmake_tnc.f:(.text+0x121): undefined reference to `nf_strerror_'
genmake_tnc.f:(.text+0x180): undefined reference to `nf_strerror_'

==> try again with added '-lnetcdf'
cat genmake_tnc.F |  cpp -traditional -P -DWORDLENGTH=4 -DALLOW_USE_MPI -DHAVE_SYSTEM -DHAVE_FDATE -DHAVE_ETIME -DHAVE_CLOC -DHAVE_SETRLSTK -DHAVE_SIGREG -DHAVE_STAT -I/n/sw/fasrcsw/apps/MPI/intel/13.0.079-fasrc01/openmpi/1.8.1-fasrc05/netcdf/4.1.3-fasrc06/include -I/n/sw/fasrcsw/apps/Comp/intel/13.0.079-fasrc01/openmpi/1.8.1-fasrc05/include > genmake_tnc.f \ 
 &&  mpif77  -W0 -auto -convert big_endian -assume byterecl -noalign -mcmodel=medium -fp-model source -traceback -O2 -c genmake_tnc.f \ 
 &&  mpif77  -W0 -auto -convert big_endian -assume byterecl -noalign -mcmodel=medium -fp-model source -traceback -O2 -o genmake_tnc genmake_tnc.o -L/n/sw/fasrcsw/apps/MPI/intel/13.0.079-fasrc01/openmpi/1.8.1-fasrc05/netcdf/4.1.3-fasrc06/lib -lnetcdf
genmake_tnc.o: In function `MAIN__':
genmake_tnc.f:(.text+0x53): undefined reference to `nf_create_'
genmake_tnc.f:(.text+0x87): undefined reference to `nf_def_dim_'
genmake_tnc.f:(.text+0x99): undefined reference to `nf_close_'
genmake_tnc.f:(.text+0xc5): undefined reference to `nf_strerror_'
genmake_tnc.f:(.text+0x121): undefined reference to `nf_strerror_'
genmake_tnc.f:(.text+0x180): undefined reference to `nf_strerror_'

==> try again with added '-lnetcdff -lnetcdf'
cat genmake_tnc.F |  cpp -traditional -P -DWORDLENGTH=4 -DALLOW_USE_MPI -DHAVE_SYSTEM -DHAVE_FDATE -DHAVE_ETIME -DHAVE_CLOC -DHAVE_SETRLSTK -DHAVE_SIGREG -DHAVE_STAT -I/n/sw/fasrcsw/apps/MPI/intel/13.0.079-fasrc01/openmpi/1.8.1-fasrc05/netcdf/4.1.3-fasrc06/include -I/n/sw/fasrcsw/apps/Comp/intel/13.0.079-fasrc01/openmpi/1.8.1-fasrc05/include > genmake_tnc.f \ 
 &&  mpif77  -W0 -auto -convert big_endian -assume byterecl -noalign -mcmodel=medium -fp-model source -traceback -O2 -c genmake_tnc.f \ 
 &&  mpif77  -W0 -auto -convert big_endian -assume byterecl -noalign -mcmodel=medium -fp-model source -traceback -O2 -o genmake_tnc genmake_tnc.o -L/n/sw/fasrcsw/apps/MPI/intel/13.0.079-fasrc01/openmpi/1.8.1-fasrc05/netcdf/4.1.3-fasrc06/lib -lnetcdf
check_netcdf: successful
 --> set HAVE_NETCDF='t'

running: check_HAVE_FLUSH()
  check_HAVE_FLUSH: successful
 --> set HAVE_FLUSH='t'
